<html>
<head>
<title>TestNG:  Chrome test</title>
<link href="../testng.css" rel="stylesheet" type="text/css" />
<link href="../my-testng.css" rel="stylesheet" type="text/css" />

<style type="text/css">
.log { display: none;} 
.stack-trace { display: none;} 
</style>
<script type="text/javascript">
<!--
function flip(e) {
  current = e.style.display;
  if (current == 'block') {
    e.style.display = 'none';
    return 0;
  }
  else {
    e.style.display = 'block';
    return 1;
  }
}

function toggleBox(szDivId, elem, msg1, msg2)
{
  var res = -1;  if (document.getElementById) {
    res = flip(document.getElementById(szDivId));
  }
  else if (document.all) {
    // this is the way old msie versions work
    res = flip(document.all[szDivId]);
  }
  if(elem) {
    if(res == 0) elem.innerHTML = msg1; else elem.innerHTML = msg2;
  }

}

function toggleAllBoxes() {
  if (document.getElementsByTagName) {
    d = document.getElementsByTagName('div');
    for (i = 0; i < d.length; i++) {
      if (d[i].className == 'log') {
        flip(d[i]);
      }
    }
  }
}

// -->
</script>

</head>
<body>
<h2 align='center'>Chrome test</h2><table border='1' align="center">
<tr>
<td>Tests passed/Failed/Skipped:</td><td>7/2/0</td>
</tr><tr>
<td>Started on:</td><td>Tue Sep 14 21:40:33 IST 2021</td>
</tr>
<tr><td>Total time:</td><td>1005 seconds (1005260 ms)</td>
</tr><tr>
<td>Included groups:</td><td></td>
</tr><tr>
<td>Excluded groups:</td><td></td>
</tr>
</table><p/>
<small><i>(Hover the method name to see the test class name)</i></small><p/>
<table width='100%' border='1' class='invocation-failed'>
<tr><td colspan='4' align='center'><b>FAILED TESTS</b></td></tr>
<tr><td><b>Test method</b></td>
<td width="30%"><b>Exception</b></td>
<td width="10%"><b>Time (seconds)</b></td>
<td><b>Instance</b></td>
</tr>
<tr>
<td title='myAccountPageTests.VerifyAllStatesWithErrorsInAddressBook.verifyAllStatesWithErrorsInAddressBook()'><b>verifyAllStatesWithErrorsInAddressBook</b><br>Test class: myAccountPageTests.VerifyAllStatesWithErrorsInAddressBook<br>Parameters: staging</td>
<td><div><pre>java.lang.AssertionError: timeout: Timed out receiving message from renderer: 30.000
  (Session info: chrome=93.0.4577.63)
Build info: version: &apos;4.0.0-rc-1&apos;, revision: &apos;bc5511cbda&apos;
System info: host: &apos;LAPTOP-RG5BBFG9&apos;, ip: &apos;192.168.1.6&apos;, os.name: &apos;Windows 10&apos;, os.arch: &apos;amd64&apos;, os.version: &apos;10.0&apos;, java.version: &apos;1.8.0_291&apos;
Driver info: org.openqa.selenium.chrome.ChromeDriver
Command: [c8e11a858167c342e808faaa6d83232e, clickElement {id=d97fd826-45de-4af5-86ab-cba9b11e000c}]
Capabilities {acceptInsecureCerts: false, browserName: chrome, browserVersion: 93.0.4577.63, chrome: {chromedriverVersion: 93.0.4577.15 (660fc11082ba5..., userDataDir: C:\Users\AJAY\AppData\Local...}, goog:chromeOptions: {debuggerAddress: localhost:51132}, javascriptEnabled: true, networkConnectionEnabled: false, pageLoadStrategy: normal, platform: WINDOWS, platformName: WINDOWS, proxy: Proxy(), se:cdp: ws://localhost:51132/devtoo..., se:cdpVersion: 93.0.4577.63, setWindowRect: true, strictFileInteractability: false, timeouts: {implicit: 0, pageLoad: 300000, script: 30000}, unhandledPromptBehavior: dismiss and notify, webauthn:extension:credBlob: true, webauthn:extension:largeBlob: true, webauthn:virtualAuthenticators: true}
Element: [[ChromeDriver: chrome on WINDOWS (c8e11a858167c342e808faaa6d83232e)] -&gt; xpath: //*[@id=&apos;BreadcrumbTopContainer&apos;]//a[contains(text(),&apos;Home&apos;)]]
Session ID: c8e11a858167c342e808faaa6d83232e
	at baseClasses.BaseTestClass.reportFail(BaseTestClass.java:154)
	at PageClasses.MyAccountPage.clickHomeLink(MyAccountPage.java:1143)
	at myAccountPageTests.VerifyAllStatesWithErrorsInAddressBook.verifyAllStatesWithErrorsInAddressBook(VerifyAllStatesWithErrorsInAddressBook.java:198)
... Removed 26 stack frames</pre></div><a href='#' onClick='toggleBox("stack-trace1437920189", this, "Click to show all stack frames", "Click to hide stack frames")'>Click to show all stack frames</a>
<div class='stack-trace' id='stack-trace1437920189'><pre>java.lang.AssertionError: timeout: Timed out receiving message from renderer: 30.000
  (Session info: chrome=93.0.4577.63)
Build info: version: &apos;4.0.0-rc-1&apos;, revision: &apos;bc5511cbda&apos;
System info: host: &apos;LAPTOP-RG5BBFG9&apos;, ip: &apos;192.168.1.6&apos;, os.name: &apos;Windows 10&apos;, os.arch: &apos;amd64&apos;, os.version: &apos;10.0&apos;, java.version: &apos;1.8.0_291&apos;
Driver info: org.openqa.selenium.chrome.ChromeDriver
Command: [c8e11a858167c342e808faaa6d83232e, clickElement {id=d97fd826-45de-4af5-86ab-cba9b11e000c}]
Capabilities {acceptInsecureCerts: false, browserName: chrome, browserVersion: 93.0.4577.63, chrome: {chromedriverVersion: 93.0.4577.15 (660fc11082ba5..., userDataDir: C:\Users\AJAY\AppData\Local...}, goog:chromeOptions: {debuggerAddress: localhost:51132}, javascriptEnabled: true, networkConnectionEnabled: false, pageLoadStrategy: normal, platform: WINDOWS, platformName: WINDOWS, proxy: Proxy(), se:cdp: ws://localhost:51132/devtoo..., se:cdpVersion: 93.0.4577.63, setWindowRect: true, strictFileInteractability: false, timeouts: {implicit: 0, pageLoad: 300000, script: 30000}, unhandledPromptBehavior: dismiss and notify, webauthn:extension:credBlob: true, webauthn:extension:largeBlob: true, webauthn:virtualAuthenticators: true}
Element: [[ChromeDriver: chrome on WINDOWS (c8e11a858167c342e808faaa6d83232e)] -&gt; xpath: //*[@id=&apos;BreadcrumbTopContainer&apos;]//a[contains(text(),&apos;Home&apos;)]]
Session ID: c8e11a858167c342e808faaa6d83232e
	at org.testng.Assert.fail(Assert.java:94)
	at baseClasses.BaseTestClass.reportFail(BaseTestClass.java:154)
	at PageClasses.MyAccountPage.clickHomeLink(MyAccountPage.java:1143)
	at myAccountPageTests.VerifyAllStatesWithErrorsInAddressBook.verifyAllStatesWithErrorsInAddressBook(VerifyAllStatesWithErrorsInAddressBook.java:198)
	at sun.reflect.NativeMethodAccessorImpl.invoke0(Native Method)
	at sun.reflect.NativeMethodAccessorImpl.invoke(Unknown Source)
	at sun.reflect.DelegatingMethodAccessorImpl.invoke(Unknown Source)
	at java.lang.reflect.Method.invoke(Unknown Source)
	at org.testng.internal.MethodInvocationHelper.invokeMethod(MethodInvocationHelper.java:100)
	at org.testng.internal.Invoker.invokeMethod(Invoker.java:646)
	at org.testng.internal.Invoker.invokeTestMethod(Invoker.java:811)
	at org.testng.internal.Invoker.invokeTestMethods(Invoker.java:1129)
	at org.testng.internal.TestMethodWorker.invokeTestMethods(TestMethodWorker.java:129)
	at org.testng.internal.TestMethodWorker.run(TestMethodWorker.java:112)
	at org.testng.TestRunner.privateRun(TestRunner.java:746)
	at org.testng.TestRunner.run(TestRunner.java:600)
	at org.testng.SuiteRunner.runTest(SuiteRunner.java:366)
	at org.testng.SuiteRunner.runSequentially(SuiteRunner.java:361)
	at org.testng.SuiteRunner.privateRun(SuiteRunner.java:319)
	at org.testng.SuiteRunner.run(SuiteRunner.java:268)
	at org.testng.SuiteRunnerWorker.runSuite(SuiteRunnerWorker.java:52)
	at org.testng.SuiteRunnerWorker.run(SuiteRunnerWorker.java:86)
	at org.testng.TestNG.runSuitesSequentially(TestNG.java:1264)
	at org.testng.TestNG.runSuitesLocally(TestNG.java:1189)
	at org.testng.TestNG.runSuites(TestNG.java:1104)
	at org.testng.TestNG.run(TestNG.java:1076)
	at org.testng.remote.AbstractRemoteTestNG.run(AbstractRemoteTestNG.java:126)
	at org.testng.remote.RemoteTestNG.initAndRun(RemoteTestNG.java:152)
	at org.testng.remote.RemoteTestNG.main(RemoteTestNG.java:57)
</pre></div></td>
<td>459</td>
<td>myAccountPageTests.VerifyAllStatesWithErrorsInAddressBook@68bbe345</td></tr>
<tr>
<td title='myAccountPageTests.ValidateDuplicateStatesInDropDown.verifyAllStatesWithErrorsInAddressBook()'><b>verifyAllStatesWithErrorsInAddressBook</b><br>Test class: myAccountPageTests.ValidateDuplicateStatesInDropDown<br>Parameters: staging</td>
<td><div><pre>java.lang.AssertionError: Expected condition failed: waiting for element to be clickable: By.id: main-signOutLink (tried for 10 second(s) with 500 milliseconds interval)
Build info: version: &apos;4.0.0-rc-1&apos;, revision: &apos;bc5511cbda&apos;
System info: host: &apos;LAPTOP-RG5BBFG9&apos;, ip: &apos;192.168.1.6&apos;, os.name: &apos;Windows 10&apos;, os.arch: &apos;amd64&apos;, os.version: &apos;10.0&apos;, java.version: &apos;1.8.0_291&apos;
Driver info: org.openqa.selenium.chrome.ChromeDriver
Capabilities {acceptInsecureCerts: false, browserName: chrome, browserVersion: 93.0.4577.63, chrome: {chromedriverVersion: 93.0.4577.15 (660fc11082ba5..., userDataDir: C:\Users\AJAY\AppData\Local...}, goog:chromeOptions: {debuggerAddress: localhost:57495}, javascriptEnabled: true, networkConnectionEnabled: false, pageLoadStrategy: normal, platform: WINDOWS, platformName: WINDOWS, proxy: Proxy(), se:cdp: ws://localhost:57495/devtoo..., se:cdpVersion: 93.0.4577.63, setWindowRect: true, strictFileInteractability: false, timeouts: {implicit: 0, pageLoad: 300000, script: 30000}, unhandledPromptBehavior: dismiss and notify, webauthn:extension:credBlob: true, webauthn:extension:largeBlob: true, webauthn:virtualAuthenticators: true}
Session ID: eb6b692c840f99f55357a5bbe3b87483
	at baseClasses.BaseTestClass.reportFail(BaseTestClass.java:154)
	at PageClasses.LandingPage.clickSignOutButton(LandingPage.java:429)
	at myAccountPageTests.ValidateDuplicateStatesInDropDown.verifyAllStatesWithErrorsInAddressBook(ValidateDuplicateStatesInDropDown.java:99)
... Removed 26 stack frames</pre></div><a href='#' onClick='toggleBox("stack-trace1517519013", this, "Click to show all stack frames", "Click to hide stack frames")'>Click to show all stack frames</a>
<div class='stack-trace' id='stack-trace1517519013'><pre>java.lang.AssertionError: Expected condition failed: waiting for element to be clickable: By.id: main-signOutLink (tried for 10 second(s) with 500 milliseconds interval)
Build info: version: &apos;4.0.0-rc-1&apos;, revision: &apos;bc5511cbda&apos;
System info: host: &apos;LAPTOP-RG5BBFG9&apos;, ip: &apos;192.168.1.6&apos;, os.name: &apos;Windows 10&apos;, os.arch: &apos;amd64&apos;, os.version: &apos;10.0&apos;, java.version: &apos;1.8.0_291&apos;
Driver info: org.openqa.selenium.chrome.ChromeDriver
Capabilities {acceptInsecureCerts: false, browserName: chrome, browserVersion: 93.0.4577.63, chrome: {chromedriverVersion: 93.0.4577.15 (660fc11082ba5..., userDataDir: C:\Users\AJAY\AppData\Local...}, goog:chromeOptions: {debuggerAddress: localhost:57495}, javascriptEnabled: true, networkConnectionEnabled: false, pageLoadStrategy: normal, platform: WINDOWS, platformName: WINDOWS, proxy: Proxy(), se:cdp: ws://localhost:57495/devtoo..., se:cdpVersion: 93.0.4577.63, setWindowRect: true, strictFileInteractability: false, timeouts: {implicit: 0, pageLoad: 300000, script: 30000}, unhandledPromptBehavior: dismiss and notify, webauthn:extension:credBlob: true, webauthn:extension:largeBlob: true, webauthn:virtualAuthenticators: true}
Session ID: eb6b692c840f99f55357a5bbe3b87483
	at org.testng.Assert.fail(Assert.java:94)
	at baseClasses.BaseTestClass.reportFail(BaseTestClass.java:154)
	at PageClasses.LandingPage.clickSignOutButton(LandingPage.java:429)
	at myAccountPageTests.ValidateDuplicateStatesInDropDown.verifyAllStatesWithErrorsInAddressBook(ValidateDuplicateStatesInDropDown.java:99)
	at sun.reflect.NativeMethodAccessorImpl.invoke0(Native Method)
	at sun.reflect.NativeMethodAccessorImpl.invoke(Unknown Source)
	at sun.reflect.DelegatingMethodAccessorImpl.invoke(Unknown Source)
	at java.lang.reflect.Method.invoke(Unknown Source)
	at org.testng.internal.MethodInvocationHelper.invokeMethod(MethodInvocationHelper.java:100)
	at org.testng.internal.Invoker.invokeMethod(Invoker.java:646)
	at org.testng.internal.Invoker.invokeTestMethod(Invoker.java:811)
	at org.testng.internal.Invoker.invokeTestMethods(Invoker.java:1129)
	at org.testng.internal.TestMethodWorker.invokeTestMethods(TestMethodWorker.java:129)
	at org.testng.internal.TestMethodWorker.run(TestMethodWorker.java:112)
	at org.testng.TestRunner.privateRun(TestRunner.java:746)
	at org.testng.TestRunner.run(TestRunner.java:600)
	at org.testng.SuiteRunner.runTest(SuiteRunner.java:366)
	at org.testng.SuiteRunner.runSequentially(SuiteRunner.java:361)
	at org.testng.SuiteRunner.privateRun(SuiteRunner.java:319)
	at org.testng.SuiteRunner.run(SuiteRunner.java:268)
	at org.testng.SuiteRunnerWorker.runSuite(SuiteRunnerWorker.java:52)
	at org.testng.SuiteRunnerWorker.run(SuiteRunnerWorker.java:86)
	at org.testng.TestNG.runSuitesSequentially(TestNG.java:1264)
	at org.testng.TestNG.runSuitesLocally(TestNG.java:1189)
	at org.testng.TestNG.runSuites(TestNG.java:1104)
	at org.testng.TestNG.run(TestNG.java:1076)
	at org.testng.remote.AbstractRemoteTestNG.run(AbstractRemoteTestNG.java:126)
	at org.testng.remote.RemoteTestNG.initAndRun(RemoteTestNG.java:152)
	at org.testng.remote.RemoteTestNG.main(RemoteTestNG.java:57)
</pre></div></td>
<td>136</td>
<td>myAccountPageTests.ValidateDuplicateStatesInDropDown@30b8a058</td></tr>
</table><p>
<table width='100%' border='1' class='invocation-passed'>
<tr><td colspan='4' align='center'><b>PASSED TESTS</b></td></tr>
<tr><td><b>Test method</b></td>
<td width="30%"><b>Exception</b></td>
<td width="10%"><b>Time (seconds)</b></td>
<td><b>Instance</b></td>
</tr>
<tr>
<td title='myAccountPageTests.ValidateMessageForInvalidContactType.validateMessageForInvalidPreferredContactType()'><b>validateMessageForInvalidPreferredContactType</b><br>Test class: myAccountPageTests.ValidateMessageForInvalidContactType<br>Parameters: staging</td>
<td></td>
<td>53</td>
<td>myAccountPageTests.ValidateMessageForInvalidContactType@6737fd8f</td></tr>
<tr>
<td title='myAccountPageTests.VerifyStateWithHomeTown.validateMessageForInvalidPreferredContactType()'><b>validateMessageForInvalidPreferredContactType</b><br>Test class: myAccountPageTests.VerifyStateWithHomeTown<br>Parameters: staging</td>
<td></td>
<td>49</td>
<td>myAccountPageTests.VerifyStateWithHomeTown@a7e666</td></tr>
<tr>
<td title='myAccountPageTests.ValidateMessageForValidContactType.validateMessageForValidPreferredContactType()'><b>validateMessageForValidPreferredContactType</b><br>Test class: myAccountPageTests.ValidateMessageForValidContactType<br>Parameters: staging</td>
<td></td>
<td>61</td>
<td>myAccountPageTests.ValidateMessageForValidContactType@72b6cbcc</td></tr>
<tr>
<td title='myAccountPageTests.VerifyAddressBookByAddingNewAddress.verifyAddressBookByAddingNewAddress()'><b>verifyAddressBookByAddingNewAddress</b><br>Test class: myAccountPageTests.VerifyAddressBookByAddingNewAddress<br>Parameters: staging</td>
<td></td>
<td>57</td>
<td>myAccountPageTests.VerifyAddressBookByAddingNewAddress@7494e528</td></tr>
<tr>
<td title='myAccountPageTests.VerifyAddressBookByDeletingAddress.verifyAddressBookByDeletingLatestUpdatedAddress()'><b>verifyAddressBookByDeletingLatestUpdatedAddress</b><br>Test class: myAccountPageTests.VerifyAddressBookByDeletingAddress<br>Parameters: staging</td>
<td></td>
<td>51</td>
<td>myAccountPageTests.VerifyAddressBookByDeletingAddress@4bbfb90a</td></tr>
<tr>
<td title='myAccountPageTests.VerifyPersonalInformation.verifyPersonalInformationByEditing()'><b>verifyPersonalInformationByEditing</b><br>Test class: myAccountPageTests.VerifyPersonalInformation<br>Parameters: staging</td>
<td></td>
<td>50</td>
<td>myAccountPageTests.VerifyPersonalInformation@9660f4e</td></tr>
<tr>
<td title='myAccountPageTests.VerifyEmailSubscriptions.verifyPersonalInformationByEditing()'><b>verifyPersonalInformationByEditing</b><br>Test class: myAccountPageTests.VerifyEmailSubscriptions<br>Parameters: staging</td>
<td></td>
<td>63</td>
<td>myAccountPageTests.VerifyEmailSubscriptions@5a8806ef</td></tr>
</table><p>
</body>
</html>